# JRE version: OpenJDK Runtime Environment Corretto-21.0.4.7.1 (21.0.4+7) (build 21.0.4+7-LTS)
# Java VM: OpenJDK 64-Bit Server VM Corretto-21.0.4.7.1 (21.0.4+7-LTS, mixed mode, sharing, tiered, compressed oops, compressed class ptrs, g1 gc, windows-amd64)
GC Precious Log:
 CardTable entry size: 512
 Card Set container configuration: InlinePtr #cards 5 size 8 Array Of Cards #cards 12 size 40 Howl #buckets 4 coarsen threshold 1843 Howl Bitmap #cards 512 size 80 coarsen threshold 460 Card regions per heap region 1 cards per card region 2048
 CPUs: 4 total, 4 available
 Memory: 8076M
 Large Page Support: Disabled
 NUMA Support: Disabled
 Compressed Oops: Enabled (32-bit)
 Heap Region Size: 1M
 Heap Min Capacity: 256M
 Heap Initial Capacity: 256M
 Heap Max Capacity: 512M
 Pre-touch: Disabled
 Parallel Workers: 4
 Concurrent Workers: 1
 Concurrent Refinement Workers: 4
 Periodic GC: Disabled
Heap:
 garbage-first heap   total 262144K, used 43746K [0x00000000e0000000, 0x0000000100000000)
  region size 1024K, 22 young (22528K), 19 survivors (19456K)
 Metaspace       used 50533K, committed 52352K, reserved 393216K
  class space    used 7378K, committed 8256K, reserved 327680K
GC Heap History (14 events):
Event: 0.566 GC heap before
{Heap before GC invocations=0 (full 0):
 garbage-first heap   total 262144K, used 13312K [0x00000000e0000000, 0x0000000100000000)
  region size 1024K, 13 young (13312K), 0 survivors (0K)
 Metaspace       used 995K, committed 1088K, reserved 393216K
  class space    used 79K, committed 128K, reserved 327680K
}
Event: 0.570 GC heap after
{Heap after GC invocations=1 (full 0):
 garbage-first heap   total 262144K, used 2709K [0x00000000e0000000, 0x0000000100000000)
  region size 1024K, 2 young (2048K), 2 survivors (2048K)
 Metaspace       used 995K, committed 1088K, reserved 393216K
  class space    used 79K, committed 128K, reserved 327680K
}
Event: 1.258 GC heap before
{Heap before GC invocations=1 (full 0):
 garbage-first heap   total 262144K, used 28309K [0x00000000e0000000, 0x0000000100000000)
  region size 1024K, 24 young (24576K), 2 survivors (2048K)
 Metaspace       used 4113K, committed 4352K, reserved 393216K
  class space    used 503K, committed 640K, reserved 327680K
}
Event: 1.262 GC heap after
{Heap after GC invocations=2 (full 0):
 garbage-first heap   total 262144K, used 11198K [0x00000000e0000000, 0x0000000100000000)
  region size 1024K, 3 young (3072K), 3 survivors (3072K)
 Metaspace       used 4113K, committed 4352K, reserved 393216K
  class space    used 503K, committed 640K, reserved 327680K
}
Event: 1.654 GC heap before
{Heap before GC invocations=2 (full 0):
 garbage-first heap   total 262144K, used 38846K [0x00000000e0000000, 0x0000000100000000)
  region size 1024K, 29 young (29696K), 3 survivors (3072K)
 Metaspace       used 4217K, committed 4416K, reserved 393216K
  class space    used 505K, committed 640K, reserved 327680K
}
Event: 1.658 GC heap after
{Heap after GC invocations=3 (full 0):
 garbage-first heap   total 262144K, used 15175K [0x00000000e0000000, 0x0000000100000000)
  region size 1024K, 4 young (4096K), 4 survivors (4096K)
 Metaspace       used 4217K, committed 4416K, reserved 393216K
  class space    used 505K, committed 640K, reserved 327680K
}
Event: 3.875 GC heap before
{Heap before GC invocations=3 (full 0):
 garbage-first heap   total 262144K, used 110407K [0x00000000e0000000, 0x0000000100000000)
  region size 1024K, 99 young (101376K), 4 survivors (4096K)
 Metaspace       used 20877K, committed 21504K, reserved 393216K
  class space    used 3025K, committed 3328K, reserved 327680K
}
Event: 3.894 GC heap after
{Heap after GC invocations=4 (full 0):
 garbage-first heap   total 262144K, used 23367K [0x00000000e0000000, 0x0000000100000000)
  region size 1024K, 12 young (12288K), 12 survivors (12288K)
 Metaspace       used 20877K, committed 21504K, reserved 393216K
  class space    used 3025K, committed 3328K, reserved 327680K
}
Event: 5.541 GC heap before
{Heap before GC invocations=5 (full 0):
 garbage-first heap   total 262144K, used 109383K [0x00000000e0000000, 0x0000000100000000)
  region size 1024K, 98 young (100352K), 12 survivors (12288K)
 Metaspace       used 34805K, committed 35968K, reserved 393216K
  class space    used 5035K, committed 5632K, reserved 327680K
}
Event: 5.560 GC heap after
{Heap after GC invocations=6 (full 0):
 garbage-first heap   total 262144K, used 29647K [0x00000000e0000000, 0x0000000100000000)
  region size 1024K, 14 young (14336K), 14 survivors (14336K)
 Metaspace       used 34805K, committed 35968K, reserved 393216K
  class space    used 5035K, committed 5632K, reserved 327680K
}
Event: 5.702 GC heap before
{Heap before GC invocations=6 (full 0):
 garbage-first heap   total 262144K, used 50127K [0x00000000e0000000, 0x0000000100000000)
  region size 1024K, 35 young (35840K), 14 survivors (14336K)
 Metaspace       used 35098K, committed 36288K, reserved 393216K
  class space    used 5057K, committed 5632K, reserved 327680K
}
Event: 5.715 GC heap after
{Heap after GC invocations=7 (full 0):
 garbage-first heap   total 262144K, used 30946K [0x00000000e0000000, 0x0000000100000000)
  region size 1024K, 8 young (8192K), 8 survivors (8192K)
 Metaspace       used 35098K, committed 36288K, reserved 393216K
  class space    used 5057K, committed 5632K, reserved 327680K
}
Event: 5.866 GC heap before
{Heap before GC invocations=7 (full 0):
 garbage-first heap   total 262144K, used 35042K [0x00000000e0000000, 0x0000000100000000)
  region size 1024K, 13 young (13312K), 8 survivors (8192K)
 Metaspace       used 35436K, committed 36608K, reserved 393216K
  class space    used 5098K, committed 5696K, reserved 327680K
}
Event: 5.873 GC heap after
{Heap after GC invocations=8 (full 0):
 garbage-first heap   total 262144K, used 31362K [0x00000000e0000000, 0x0000000100000000)
  region size 1024K, 9 young (9216K), 9 survivors (9216K)
 Metaspace       used 35436K, committed 36608K, reserved 393216K
  class space    used 5098K, committed 5696K, reserved 327680K
}

