# JRE version: OpenJDK Runtime Environment Corretto-17.0.12.7.1 (17.0.12+7) (build 17.0.12+7-LTS)
# Java VM: OpenJDK 64-Bit Server VM Corretto-17.0.12.7.1 (17.0.12+7-LTS, mixed mode, sharing, tiered, compressed oops, compressed class ptrs, g1 gc, windows-amd64)
GC Precious Log:
 CPUs: 4 total, 4 available
 Memory: 8076M
 Large Page Support: Disabled
 NUMA Support: Disabled
 Compressed Oops: Enabled (32-bit)
 Heap Region Size: 1M
 Heap Min Capacity: 256M
 Heap Initial Capacity: 256M
 Heap Max Capacity: 512M
 Pre-touch: Disabled
 Parallel Workers: 4
 Concurrent Workers: 1
 Concurrent Refinement Workers: 4
 Periodic GC: Disabled
Heap:
 garbage-first heap   total 262144K, used 171618K [0x00000000e0000000, 0x0000000100000000)
  region size 1024K, 99 young (101376K), 11 survivors (11264K)
 Metaspace       used 79970K, committed 80768K, reserved 458752K
  class space    used 10574K, committed 10944K, reserved 327680K
GC Heap History (20 events):
Event: 22.083 GC heap before
{Heap before GC invocations=10 (full 0):
 garbage-first heap   total 262144K, used 42093K [0x00000000e0000000, 0x0000000100000000)
  region size 1024K, 12 young (12288K), 9 survivors (9216K)
 Metaspace       used 55463K, committed 55936K, reserved 393216K
  class space    used 7774K, committed 8000K, reserved 327680K
}
Event: 22.093 GC heap after
{Heap after GC invocations=11 (full 0):
 garbage-first heap   total 262144K, used 41429K [0x00000000e0000000, 0x0000000100000000)
  region size 1024K, 2 young (2048K), 2 survivors (2048K)
 Metaspace       used 55463K, committed 55936K, reserved 393216K
  class space    used 7774K, committed 8000K, reserved 327680K
}
Event: 25.303 GC heap before
{Heap before GC invocations=11 (full 0):
 garbage-first heap   total 262144K, used 195029K [0x00000000e0000000, 0x0000000100000000)
  region size 1024K, 153 young (156672K), 2 survivors (2048K)
 Metaspace       used 60634K, committed 61248K, reserved 393216K
  class space    used 8349K, committed 8640K, reserved 327680K
}
Event: 25.316 GC heap after
{Heap after GC invocations=12 (full 0):
 garbage-first heap   total 262144K, used 52953K [0x00000000e0000000, 0x0000000100000000)
  region size 1024K, 13 young (13312K), 13 survivors (13312K)
 Metaspace       used 60634K, committed 61248K, reserved 393216K
  class space    used 8349K, committed 8640K, reserved 327680K
}
Event: 25.429 GC heap before
{Heap before GC invocations=12 (full 0):
 garbage-first heap   total 262144K, used 66265K [0x00000000e0000000, 0x0000000100000000)
  region size 1024K, 27 young (27648K), 13 survivors (13312K)
 Metaspace       used 60820K, committed 61376K, reserved 393216K
  class space    used 8359K, committed 8640K, reserved 327680K
}
Event: 25.437 GC heap after
{Heap after GC invocations=13 (full 0):
 garbage-first heap   total 262144K, used 50901K [0x00000000e0000000, 0x0000000100000000)
  region size 1024K, 2 young (2048K), 2 survivors (2048K)
 Metaspace       used 60820K, committed 61376K, reserved 393216K
  class space    used 8359K, committed 8640K, reserved 327680K
}
Event: 570.870 GC heap before
{Heap before GC invocations=14 (full 0):
 garbage-first heap   total 262144K, used 204501K [0x00000000e0000000, 0x0000000100000000)
  region size 1024K, 152 young (155648K), 2 survivors (2048K)
 Metaspace       used 64417K, committed 65088K, reserved 393216K
  class space    used 8841K, committed 9152K, reserved 327680K
}
Event: 570.893 GC heap after
{Heap after GC invocations=15 (full 0):
 garbage-first heap   total 262144K, used 56470K [0x00000000e0000000, 0x0000000100000000)
  region size 1024K, 7 young (7168K), 7 survivors (7168K)
 Metaspace       used 64417K, committed 65088K, reserved 393216K
  class space    used 8841K, committed 9152K, reserved 327680K
}
Event: 696.005 GC heap before
{Heap before GC invocations=15 (full 0):
 garbage-first heap   total 262144K, used 205974K [0x00000000e0000000, 0x0000000100000000)
  region size 1024K, 153 young (156672K), 7 survivors (7168K)
 Metaspace       used 65078K, committed 65728K, reserved 393216K
  class space    used 8854K, committed 9152K, reserved 327680K
}
Event: 696.029 GC heap after
{Heap after GC invocations=16 (full 0):
 garbage-first heap   total 262144K, used 55378K [0x00000000e0000000, 0x0000000100000000)
  region size 1024K, 6 young (6144K), 6 survivors (6144K)
 Metaspace       used 65078K, committed 65728K, reserved 393216K
  class space    used 8854K, committed 9152K, reserved 327680K
}
Event: 733.769 GC heap before
{Heap before GC invocations=16 (full 0):
 garbage-first heap   total 262144K, used 204882K [0x00000000e0000000, 0x0000000100000000)
  region size 1024K, 153 young (156672K), 6 survivors (6144K)
 Metaspace       used 65476K, committed 66176K, reserved 393216K
  class space    used 8855K, committed 9152K, reserved 327680K
}
Event: 733.792 GC heap after
{Heap after GC invocations=17 (full 0):
 garbage-first heap   total 262144K, used 58620K [0x00000000e0000000, 0x0000000100000000)
  region size 1024K, 9 young (9216K), 9 survivors (9216K)
 Metaspace       used 65476K, committed 66176K, reserved 393216K
  class space    used 8855K, committed 9152K, reserved 327680K
}
Event: 768.654 GC heap before
{Heap before GC invocations=17 (full 0):
 garbage-first heap   total 262144K, used 206076K [0x00000000e0000000, 0x0000000100000000)
  region size 1024K, 153 young (156672K), 9 survivors (9216K)
 Metaspace       used 65768K, committed 66496K, reserved 393216K
  class space    used 8868K, committed 9216K, reserved 327680K
}
Event: 768.660 GC heap after
{Heap after GC invocations=18 (full 0):
 garbage-first heap   total 262144K, used 53896K [0x00000000e0000000, 0x0000000100000000)
  region size 1024K, 5 young (5120K), 5 survivors (5120K)
 Metaspace       used 65768K, committed 66496K, reserved 393216K
  class space    used 8868K, committed 9216K, reserved 327680K
}
Event: 817.389 GC heap before
{Heap before GC invocations=18 (full 0):
 garbage-first heap   total 262144K, used 205448K [0x00000000e0000000, 0x0000000100000000)
  region size 1024K, 153 young (156672K), 5 survivors (5120K)
 Metaspace       used 66099K, committed 66752K, reserved 393216K
  class space    used 8903K, committed 9216K, reserved 327680K
}
Event: 817.399 GC heap after
{Heap after GC invocations=19 (full 0):
 garbage-first heap   total 262144K, used 56538K [0x00000000e0000000, 0x0000000100000000)
  region size 1024K, 7 young (7168K), 7 survivors (7168K)
 Metaspace       used 66099K, committed 66752K, reserved 393216K
  class space    used 8903K, committed 9216K, reserved 327680K
}
Event: 820.825 GC heap before
{Heap before GC invocations=19 (full 0):
 garbage-first heap   total 262144K, used 207066K [0x00000000e0000000, 0x0000000100000000)
  region size 1024K, 153 young (156672K), 7 survivors (7168K)
 Metaspace       used 73762K, committed 74496K, reserved 393216K
  class space    used 9880K, committed 10240K, reserved 327680K
}
Event: 820.915 GC heap after
{Heap after GC invocations=20 (full 0):
 garbage-first heap   total 262144K, used 76104K [0x00000000e0000000, 0x0000000100000000)
  region size 1024K, 20 young (20480K), 20 survivors (20480K)
 Metaspace       used 73762K, committed 74496K, reserved 393216K
  class space    used 9880K, committed 10240K, reserved 327680K
}
Event: 846.698 GC heap before
{Heap before GC invocations=20 (full 0):
 garbage-first heap   total 262144K, used 202056K [0x00000000e0000000, 0x0000000100000000)
  region size 1024K, 144 young (147456K), 20 survivors (20480K)
 Metaspace       used 79938K, committed 80704K, reserved 458752K
  class space    used 10574K, committed 10944K, reserved 327680K
}
Event: 846.729 GC heap after
{Heap after GC invocations=21 (full 0):
 garbage-first heap   total 262144K, used 83554K [0x00000000e0000000, 0x0000000100000000)
  region size 1024K, 11 young (11264K), 11 survivors (11264K)
 Metaspace       used 79938K, committed 80704K, reserved 458752K
  class space    used 10574K, committed 10944K, reserved 327680K
}

